\BOOKMARK [0][-]{chapter*.1}{\376\377\000D\000\351\000d\000i\000c\000a\000c\000e}{}% 1
\BOOKMARK [0][-]{chapter*.2}{\376\377\000R\000e\000m\000e\000r\000c\000i\000e\000m\000e\000n\000t\000s}{}% 2
\BOOKMARK [0][-]{chapter*.3}{\376\377\000R\000\351\000s\000u\000m\000\351}{}% 3
\BOOKMARK [0][-]{chapter*.4}{\376\377\000A\000b\000s\000t\000r\000a\000c\000t}{}% 4
\BOOKMARK [0][-]{chapter*.6}{\376\377\000I\000n\000t\000r\000o\000d\000u\000c\000t\000i\000o\000n\000\040\000g\000\351\000n\000\351\000r\000a\000l\000e}{}% 5
\BOOKMARK [-1][-]{part.1}{\376\377\000I\000\040\000E\000t\000u\000d\000e\000\040\000b\000i\000b\000l\000i\000o\000g\000r\000a\000p\000h\000i\000q\000u\000e}{}% 6
\BOOKMARK [0][-]{chapter.1}{\376\377\000A\000p\000p\000r\000e\000n\000t\000i\000s\000s\000a\000g\000e\000\040\000p\000r\000o\000f\000o\000n\000d}{part.1}% 7
\BOOKMARK [1][-]{section.1.1}{\376\377\000I\000n\000t\000r\000o\000d\000u\000c\000t\000i\000o\000n}{chapter.1}% 8
\BOOKMARK [1][-]{section.1.2}{\376\377\000R\000\351\000s\000e\000a\000u\000\040\000d\000e\000\040\000n\000e\000u\000r\000o\000n\000e\000s\000\040\000a\000r\000t\000i\000f\000i\000c\000i\000e\000l\000s}{chapter.1}% 9
\BOOKMARK [1][-]{section.1.3}{\376\377\000C\000o\000n\000n\000e\000x\000i\000o\000n\000s\000\040\000e\000t\000\040\000p\000o\000i\000d\000s}{chapter.1}% 10
\BOOKMARK [1][-]{section.1.4}{\376\377\000F\000o\000n\000c\000t\000i\000o\000n\000\040\000d\000'\000a\000c\000t\000i\000v\000a\000t\000i\000o\000n}{chapter.1}% 11
\BOOKMARK [1][-]{section.1.5}{\376\377\000C\000o\000u\000c\000h\000e\000s\000\040\000d\000a\000n\000s\000\040\000u\000n\000\040\000r\000\351\000s\000e\000a\000u\000\040\000d\000e\000\040\000n\000e\000u\000r\000o\000n\000e\000s}{chapter.1}% 12
\BOOKMARK [1][-]{section.1.6}{\376\377\000T\000y\000p\000e\000s\000\040\000d\000e\000\040\000r\000\351\000s\000e\000a\000u\000x\000\040\000d\000e\000\040\000n\000e\000u\000r\000o\000n\000e\000s}{chapter.1}% 13
\BOOKMARK [2][-]{subsection.1.6.1}{\376\377\000R\000\351\000s\000e\000a\000u\000x\000\040\000f\000e\000e\000d\000f\000o\000r\000w\000a\000r\000d}{section.1.6}% 14
\BOOKMARK [2][-]{subsection.1.6.2}{\376\377\000R\000\351\000s\000e\000a\000u\000x\000\040\000d\000e\000\040\000n\000e\000u\000r\000o\000n\000e\000s\000\040\000r\000\351\000c\000u\000r\000r\000e\000n\000t\000s\000\040\000\050\000R\000N\000N\000\051}{section.1.6}% 15
\BOOKMARK [2][-]{subsection.1.6.3}{\376\377\000R\000\351\000s\000e\000a\000u\000x\000\040\000d\000e\000\040\000n\000e\000u\000r\000o\000n\000e\000s\000\040\000c\000o\000n\000v\000o\000l\000u\000t\000i\000f\000s\000\040\000\050\000C\000N\000N\000\051}{section.1.6}% 16
\BOOKMARK [2][-]{subsection.1.6.4}{\376\377\000R\000\351\000s\000e\000a\000u\000x\000\040\000r\000\351\000s\000i\000d\000u\000e\000l\000s\000\040\000\050\000R\000e\000s\000N\000e\000t\000\051}{section.1.6}% 17
\BOOKMARK [2][-]{subsection.1.6.5}{\376\377\000R\000\351\000s\000e\000a\000u\000x\000\040\000d\000e\000\040\000n\000e\000u\000r\000o\000n\000e\000s\000\040\000e\000n\000\040\000g\000r\000a\000p\000h\000e\000\040\000\050\000G\000N\000N\000\051}{section.1.6}% 18
\BOOKMARK [1][-]{section.1.7}{\376\377\000L\000e\000\040\000p\000r\000o\000c\000e\000s\000s\000u\000s\000\040\000d\040\031\000a\000p\000p\000r\000e\000n\000t\000i\000s\000s\000a\000g\000e}{chapter.1}% 19
\BOOKMARK [2][-]{subsection.1.7.1}{\376\377\000D\000e\000s\000c\000e\000n\000t\000e\000\040\000d\000e\000\040\000g\000r\000a\000d\000i\000e\000n\000t}{section.1.7}% 20
\BOOKMARK [2][-]{subsection.1.7.2}{\376\377\000P\000r\000o\000p\000a\000g\000a\000t\000i\000o\000n\000\040\000d\000e\000\040\000l\040\031\000e\000r\000r\000e\000u\000r}{section.1.7}% 21
\BOOKMARK [2][-]{subsection.1.7.3}{\376\377\000H\000y\000p\000e\000r\000p\000a\000r\000a\000m\000e\000t\000e\000r\000s}{section.1.7}% 22
\BOOKMARK [1][-]{section.1.8}{\376\377\000T\000y\000p\000e\000s\000\040\000d\040\031\000a\000p\000p\000r\000e\000n\000t\000i\000s\000s\000a\000g\000e}{chapter.1}% 23
\BOOKMARK [2][-]{subsection.1.8.1}{\376\377\000A\000p\000p\000r\000e\000n\000t\000i\000s\000s\000a\000g\000e\000\040\000s\000u\000p\000e\000r\000v\000i\000s\000\351}{section.1.8}% 24
\BOOKMARK [2][-]{subsection.1.8.2}{\376\377\000A\000p\000p\000r\000e\000n\000t\000i\000s\000s\000a\000g\000e\000\040\000n\000o\000n\000-\000s\000u\000p\000e\000r\000v\000i\000s\000\351}{section.1.8}% 25
\BOOKMARK [2][-]{subsection.1.8.3}{\376\377\000A\000p\000p\000r\000e\000n\000t\000i\000s\000s\000a\000g\000e\000\040\000s\000e\000m\000i\000-\000s\000u\000p\000e\000r\000v\000i\000s\000\351}{section.1.8}% 26
\BOOKMARK [2][-]{subsection.1.8.4}{\376\377\000A\000p\000p\000r\000e\000n\000t\000i\000s\000s\000a\000g\000e\000\040\000p\000a\000r\000\040\000r\000e\000n\000f\000o\000r\000c\000e\000m\000e\000n\000t}{section.1.8}% 27
\BOOKMARK [1][-]{section.1.9}{\376\377\000C\000a\000t\000\351\000g\000o\000r\000i\000e\000s\000\040\000d\000e\000\040\000d\000o\000n\000n\000\351\000e\000s}{chapter.1}% 28
\BOOKMARK [1][-]{section.1.10}{\376\377\000D\000\351\000f\000i\000s\000\040\000d\000e\000\040\000l\000'\000a\000p\000p\000r\000e\000n\000t\000i\000s\000s\000a\000g\000e\000\040\000p\000r\000o\000f\000o\000n\000d}{chapter.1}% 29
\BOOKMARK [1][-]{section.1.11}{\376\377\000C\000o\000n\000c\000l\000u\000s\000i\000o\000n}{chapter.1}% 30
\BOOKMARK [0][-]{chapter.2}{\376\377\000I\000n\000t\000e\000l\000l\000i\000g\000e\000n\000c\000e\000\040\000A\000r\000t\000i\000f\000i\000c\000i\000e\000l\000l\000e\000\040\000G\000\351\000n\000\351\000r\000a\000t\000i\000v\000e\000\040\000\050\000G\000e\000n\000A\000I\000\051}{part.1}% 31
\BOOKMARK [1][-]{section.2.1}{\376\377\000I\000n\000t\000r\000o\000d\000u\000c\000t\000i\000o\000n}{chapter.2}% 32
\BOOKMARK [1][-]{section.2.2}{\376\377\000L\000e\000s\000\040\000A\000u\000t\000o\000-\000E\000n\000c\000o\000d\000e\000u\000r\000s\000\040\000V\000a\000r\000i\000a\000t\000i\000o\000n\000n\000e\000l\000s\000\040\000\050\000V\000A\000E\000\051}{chapter.2}% 33
\BOOKMARK [2][-]{subsection.2.2.1}{\376\377\000I\000n\000t\000r\000o\000d\000u\000c\000t\000i\000o\000n}{section.2.2}% 34
\BOOKMARK [2][-]{subsection.2.2.2}{\376\377\000F\000o\000n\000c\000t\000i\000o\000n\000n\000e\000m\000e\000n\000t}{section.2.2}% 35
\BOOKMARK [2][-]{subsection.2.2.3}{\376\377\000A\000p\000p\000l\000i\000c\000a\000t\000i\000o\000n\000s\000\040\000d\000e\000s\000\040\000A\000u\000t\000o\000-\000E\000n\000c\000o\000d\000e\000u\000r\000s\000\040\000V\000a\000r\000i\000a\000t\000i\000o\000n\000n\000e\000l\000s\000\040\000\050\000V\000A\000E\000\051}{section.2.2}% 36
\BOOKMARK [1][-]{section.2.3}{\376\377\000R\000\351\000s\000e\000a\000u\000x\000\040\000A\000n\000t\000a\000g\000o\000n\000i\000s\000t\000e\000s\000\040\000G\000\351\000n\000\351\000r\000a\000t\000i\000f\000s\000\040\000\050\000G\000A\000N\000s\000\051}{chapter.2}% 37
\BOOKMARK [2][-]{subsection.2.3.1}{\376\377\000I\000n\000t\000r\000o\000d\000u\000c\000t\000i\000o\000n\000\040\000a\000u\000x\000\040\000R\000\351\000s\000e\000a\000u\000x\000\040\000A\000n\000t\000a\000g\000o\000n\000i\000s\000t\000e\000s\000\040\000G\000\351\000n\000\351\000r\000a\000t\000i\000f\000s}{section.2.3}% 38
\BOOKMARK [2][-]{subsection.2.3.2}{\376\377\000F\000o\000n\000c\000t\000i\000o\000n\000n\000e\000m\000e\000n\000t\000\040\000d\000e\000s\000\040\000G\000A\000N\000s}{section.2.3}% 39
\BOOKMARK [2][-]{subsection.2.3.3}{\376\377\000A\000p\000p\000l\000i\000c\000a\000t\000i\000o\000n\000s\000\040\000d\000e\000s\000\040\000G\000A\000N\000s}{section.2.3}% 40
\BOOKMARK [1][-]{section.2.4}{\376\377\000D\000i\000f\000f\000u\000s\000i\000o\000n\000\040\000m\000o\000d\000e\000l\000s}{chapter.2}% 41
\BOOKMARK [2][-]{subsection.2.4.1}{\376\377\000I\000n\000t\000r\000o\000d\000u\000c\000t\000i\000o\000n}{section.2.4}% 42
\BOOKMARK [2][-]{subsection.2.4.2}{\376\377\000F\000o\000n\000c\000t\000i\000o\000n\000n\000e\000m\000e\000n\000t\000\040\000d\000e\000s\000\040\000M\000o\000d\000\350\000l\000e\000s\000\040\000d\000e\000\040\000D\000i\000f\000f\000u\000s\000i\000o\000n}{section.2.4}% 43
\BOOKMARK [2][-]{subsection.2.4.3}{\376\377\000A\000p\000p\000l\000i\000c\000a\000t\000i\000o\000n\000s\000\040\000d\000e\000s\000\040\000M\000o\000d\000\351\000l\000e\000s\000\040\000d\000e\000\040\000D\000i\000f\000f\000u\000s\000i\000o\000n}{section.2.4}% 44
\BOOKMARK [2][-]{subsection.2.4.4}{\376\377\000C\000o\000n\000c\000l\000u\000s\000i\000o\000n}{section.2.4}% 45
\BOOKMARK [1][-]{section.2.5}{\376\377\000L\000a\000r\000g\000e\000\040\000L\000a\000n\000g\000u\000a\000g\000e\000\040\000M\000o\000d\000e\000l\000s}{chapter.2}% 46
\BOOKMARK [2][-]{subsection.2.5.1}{\376\377\000R\000\351\000s\000e\000a\000u\000x\000\040\000d\000e\000\040\000N\000e\000u\000r\000o\000n\000e\000s\000\040\000d\000e\000\040\000T\000r\000a\000n\000s\000f\000o\000r\000m\000a\000t\000i\000o\000n\000\040\000\050\000T\000r\000a\000n\000s\000f\000o\000r\000m\000e\000r\000s\000\051}{section.2.5}% 47
\BOOKMARK [2][-]{subsection.2.5.2}{\376\377\000F\000o\000n\000c\000t\000i\000o\000n\000n\000e\000m\000e\000n\000t\000\040\000d\000e\000s\000\040\000T\000r\000a\000n\000s\000f\000o\000r\000m\000e\000r\000s}{section.2.5}% 48
\BOOKMARK [2][-]{subsection.2.5.3}{\376\377\000A\000p\000p\000l\000i\000c\000a\000t\000i\000o\000n\000s\000\040\000d\000e\000s\000\040\000T\000r\000a\000n\000s\000f\000o\000r\000m\000e\000r\000s}{section.2.5}% 49
\BOOKMARK [2][-]{subsection.2.5.4}{\376\377\000C\000o\000n\000c\000l\000u\000s\000i\000o\000n}{section.2.5}% 50
\BOOKMARK [0][-]{chapter.3}{\376\377\000M\000a\000i\000n\000t\000e\000n\000a\000n\000c\000e\000\040\000p\000r\000\351\000d\000i\000c\000t\000i\000v\000e\000\040\000d\000e\000s\000\040\000m\000o\000t\000e\000u\000r\000s\000\040\000\351\000l\000e\000c\000t\000r\000i\000q\000u\000e\000s}{part.1}% 51
\BOOKMARK [1][-]{section.3.1}{\376\377\000I\000n\000t\000r\000o\000d\000u\000c\000t\000i\000o\000n}{chapter.3}% 52
\BOOKMARK [1][-]{section.3.2}{\376\377\000T\000y\000p\000e\000s\000\040\000d\000e\000\040\000M\000a\000i\000n\000t\000e\000n\000a\000n\000c\000e}{chapter.3}% 53
\BOOKMARK [2][-]{subsection.3.2.1}{\376\377\000M\000a\000i\000n\000t\000e\000n\000a\000n\000c\000e\000\040\000C\000o\000r\000r\000e\000c\000t\000i\000v\000e}{section.3.2}% 54
\BOOKMARK [2][-]{subsection.3.2.2}{\376\377\000M\000a\000i\000n\000t\000e\000n\000a\000n\000c\000e\000\040\000P\000r\000\351\000v\000e\000n\000t\000i\000v\000e}{section.3.2}% 55
\BOOKMARK [2][-]{subsection.3.2.3}{\376\377\000M\000a\000i\000n\000t\000e\000n\000a\000n\000c\000e\000\040\000P\000r\000\351\000d\000i\000c\000t\000i\000v\000e}{section.3.2}% 56
\BOOKMARK [1][-]{section.3.3}{\376\377\000M\000a\000i\000n\000t\000e\000n\000a\000n\000c\000e\000\040\000p\000r\000\351\000d\000i\000c\000t\000i\000v\000e\000\040\000p\000o\000u\000r\000\040\000l\000e\000s\000\040\000m\000o\000t\000e\000u\000r\000s\000\040\000\351\000l\000e\000c\000t\000r\000i\000q\000u\000e\000s\000\040}{chapter.3}% 57
\BOOKMARK [2][-]{subsection.3.3.1}{\376\377\000M\000o\000t\000e\000u\000r\000s\000\040\000\351\000l\000e\000c\000t\000r\000i\000q\000u\000e\000s}{section.3.3}% 58
\BOOKMARK [1][-]{section.3.4}{\376\377\000T\000r\000a\000i\000t\000e\000m\000e\000n\000t\000\040\000d\000e\000\040\000S\000i\000g\000n\000a\000l\000\040\000P\000o\000u\000r\000\040\000l\000e\000s\000\040\000m\000o\000t\000e\000u\000r\000s\000\040\000\351\000l\000e\000c\000t\000r\000i\000q\000u\000e\000s}{chapter.3}% 59
\BOOKMARK [1][-]{section.3.5}{\376\377\000D\000o\000n\000n\000e\000\351\000s\000:\000\040\000S\000\351\000r\000i\000e\000s\000\040\000T\000e\000m\000p\000o\000r\000e\000l\000l\000e\000s}{chapter.3}% 60
\BOOKMARK [1][-]{section.3.6}{\376\377\000C\000o\000n\000c\000l\000u\000s\000i\000o\000n}{chapter.3}% 61
\BOOKMARK [-1][-]{part.2}{\376\377\000I\000I\000\040\000C\000o\000n\000t\000r\000i\000b\000u\000t\000i\000o\000n}{}% 62
\BOOKMARK [0][-]{chapter.4}{\376\377\000O\000r\000g\000a\000n\000i\000s\000m\000e\000\040\000d\040\031\000a\000c\000c\000u\000e\000i\000l}{part.2}% 63
\BOOKMARK [1][-]{section.4.1}{\376\377\000I\000n\000t\000r\000o\000d\000u\000c\000t\000i\000o\000n}{chapter.4}% 64
\BOOKMARK [1][-]{section.4.2}{\376\377\000P\000r\000\351\000s\000e\000n\000t\000a\000t\000i\000o\000n\000\040\000d\000e\000\040\000l\000'\000o\000r\000g\000a\000n\000i\000s\000m\000e\000\040\000d\000'\000a\000c\000c\000u\000e\000i\000l}{chapter.4}% 65
\BOOKMARK [1][-]{section.4.3}{\376\377\000S\000e\000r\000v\000i\000c\000e\000s}{chapter.4}% 66
\BOOKMARK [1][-]{section.4.4}{\376\377\000O\000r\000g\000a\000n\000i\000g\000r\000a\000m\000m\000e\000\040\000d\000e\000\040\000l\000'\000e\000n\000t\000r\000e\000p\000r\000i\000s\000e}{chapter.4}% 67
\BOOKMARK [1][-]{section.4.5}{\376\377\000C\000o\000n\000c\000l\000u\000s\000i\000o\000n}{chapter.4}% 68
\BOOKMARK [0][-]{chapter.5}{\376\377\000C\000o\000n\000c\000e\000p\000t\000i\000o\000n}{part.2}% 69
\BOOKMARK [1][-]{section.5.1}{\376\377\000I\000n\000t\000r\000o\000d\000u\000c\000t\000i\000o\000n}{chapter.5}% 70
\BOOKMARK [1][-]{section.5.2}{\376\377\000V\000u\000e\000\040\000g\000l\000o\000b\000a\000l\000e\000\040\000d\000e\000\040\000l\000a\000\040\000s\000o\000l\000u\000t\000i\000o\000n}{chapter.5}% 71
\BOOKMARK [0][-]{chapter.6}{\376\377\000R\000\351\000a\000l\000i\000s\000a\000t\000i\000o\000n\000\040\000e\000t\000\040\000t\000e\000s\000t\000s}{part.2}% 72
\BOOKMARK [1][-]{section.6.1}{\376\377\000I\000n\000t\000r\000o\000d\000u\000c\000t\000i\000o\000n}{chapter.6}% 73
\BOOKMARK [1][-]{section.6.2}{\376\377\000M\000o\000d\000\350\000l\000e\000s\000\040\000e\000t\000\040\000j\000e\000u\000\040\000d\000e\000\040\000d\000o\000n\000n\000\351\000e\000s\000\040\000u\000t\000i\000l\000i\000s\000\351\000s}{chapter.6}% 74
\BOOKMARK [1][-]{section.6.3}{\376\377\000T\000e\000c\000h\000n\000o\000l\000o\000g\000i\000e\000s\000\040\000u\000t\000i\000l\000i\000s\000\351\000e\000s}{chapter.6}% 75
\BOOKMARK [2][-]{subsection.6.3.1}{\376\377\000P\000y\000t\000h\000o\000n}{section.6.3}% 76
\BOOKMARK [1][-]{section.6.4}{\376\377\000B\000i\000b\000l\000i\000o\000t\000h\000\350\000q\000u\000e\000\040\000u\000t\000i\000l\000i\000s\000\351\000e\000s}{chapter.6}% 77
\BOOKMARK [2][-]{subsection.6.4.1}{\376\377\000N\000u\000m\000P\000y}{section.6.4}% 78
\BOOKMARK [2][-]{subsection.6.4.2}{\376\377\000M\000a\000t\000p\000l\000o\000t\000l\000i\000b}{section.6.4}% 79
\BOOKMARK [2][-]{subsection.6.4.3}{\376\377\000P\000y\000t\000o\000r\000c\000h}{section.6.4}% 80
\BOOKMARK [2][-]{subsection.6.4.4}{\376\377\000T\000o\000r\000c\000h\000v\000i\000s\000i\000o\000n}{section.6.4}% 81
\BOOKMARK [2][-]{subsection.6.4.5}{\376\377\000N\000N\000I}{section.6.4}% 82
\BOOKMARK [1][-]{section.6.5}{\376\377\000O\000u\000t\000i\000l\000s\000\040\000u\000t\000i\000l\000i\000s\000\351\000s}{chapter.6}% 83
\BOOKMARK [2][-]{subsection.6.5.1}{\376\377\000G\000o\000o\000g\000l\000e\000\040\000C\000o\000l\000a\000b}{section.6.5}% 84
\BOOKMARK [2][-]{subsection.6.5.2}{\376\377\000G\000o\000o\000g\000l\000e\000\040\000D\000r\000i\000v\000e}{section.6.5}% 85
\BOOKMARK [1][-]{section.6.6}{\376\377\000T\000e\000s\000t\000s\000\040\000e\000t\000\040\000r\000\351\000s\000u\000l\000t\000a\000t\000s}{chapter.6}% 86
\BOOKMARK [1][-]{section.6.7}{\376\377\000C\000o\000n\000c\000l\000u\000s\000i\000o\000n}{chapter.6}% 87
\BOOKMARK [0][-]{chapter.7}{\376\377\000C\000o\000n\000c\000l\000u\000s\000i\000o\000n\000\040\000e\000t\000\040\000p\000e\000r\000s\000p\000e\000c\000t\000i\000v\000e\000s}{part.2}% 88
\BOOKMARK [1][-]{section.7.1}{\376\377\000P\000e\000r\000s\000p\000e\000c\000t\000i\000v\000e\000s}{chapter.7}% 89
\BOOKMARK [1][-]{section.7.2}{\376\377\000A\000p\000p\000r\000\351\000c\000i\000a\000t\000i\000o\000n\000\040\000p\000e\000r\000s\000o\000n\000n\000e\000l\000l\000e}{chapter.7}% 90
\BOOKMARK [0][-]{chapter*.81}{\376\377\000B\000i\000b\000l\000i\000o\000g\000r\000a\000p\000h\000i\000e}{part.2}% 91
